TN:
SF:./app/js/app.js
FN:14,(anonymous_1)
FN:33,(anonymous_2)
FNF:2
FNH:2
FNDA:8,(anonymous_1)
FNDA:8,(anonymous_2)
DA:2,1
DA:15,8
DA:34,8
LF:3
LH:3
BRF:0
BRH:0
end_of_record
TN:
SF:./app/js/controllers.js
FN:7,(anonymous_1)
FN:10,geoLocate
FN:13,(anonymous_3)
FN:23,(anonymous_4)
FN:37,(anonymous_5)
FN:43,(anonymous_6)
FN:46,(anonymous_7)
FN:51,determineIfServiceIsAvailable
FN:53,(anonymous_9)
FN:57,(anonymous_10)
FN:66,(anonymous_11)
FN:74,getNearbyStops
FN:76,(anonymous_13)
FN:83,getStreetCarData
FN:85,(anonymous_15)
FN:89,(anonymous_16)
FN:95,getTrimetData
FN:97,(anonymous_18)
FN:101,(anonymous_19)
FN:107,getBusData
FN:109,(anonymous_21)
FN:113,(anonymous_22)
FN:119,toggleNearbyRoutes
FN:124,toggleNearbyRouteDirection
FN:129,selectStop
FN:143,selectRoute
FN:146,(anonymous_27)
FN:157,toggleStreetCarRoute
FN:161,toggleTrimetRoute
FN:165,toggleBusRoute
FN:182,init
FN:183,getUserLocation
FN:188,handleNoGeolocation
FN:197,checkForGeolocation
FN:199,(anonymous_35)
FN:211,(anonymous_36)
FN:219,(anonymous_37)
FN:234,(anonymous_38)
FN:237,setUserLocationVariables
FN:249,arrivalInformation
FN:256,routeHoveredFromMap
FN:261,routeSelectedFromMap
FN:264,(anonymous_43)
FN:274,closeDetailsPanel
FNF:44
FNH:0
FNDA:0,(anonymous_1)
FNDA:0,geoLocate
FNDA:0,(anonymous_3)
FNDA:0,(anonymous_4)
FNDA:0,(anonymous_5)
FNDA:0,(anonymous_6)
FNDA:0,(anonymous_7)
FNDA:0,determineIfServiceIsAvailable
FNDA:0,(anonymous_9)
FNDA:0,(anonymous_10)
FNDA:0,(anonymous_11)
FNDA:0,getNearbyStops
FNDA:0,(anonymous_13)
FNDA:0,getStreetCarData
FNDA:0,(anonymous_15)
FNDA:0,(anonymous_16)
FNDA:0,getTrimetData
FNDA:0,(anonymous_18)
FNDA:0,(anonymous_19)
FNDA:0,getBusData
FNDA:0,(anonymous_21)
FNDA:0,(anonymous_22)
FNDA:0,toggleNearbyRoutes
FNDA:0,toggleNearbyRouteDirection
FNDA:0,selectStop
FNDA:0,selectRoute
FNDA:0,(anonymous_27)
FNDA:0,toggleStreetCarRoute
FNDA:0,toggleTrimetRoute
FNDA:0,toggleBusRoute
FNDA:0,init
FNDA:0,getUserLocation
FNDA:0,handleNoGeolocation
FNDA:0,checkForGeolocation
FNDA:0,(anonymous_35)
FNDA:0,(anonymous_36)
FNDA:0,(anonymous_37)
FNDA:0,(anonymous_38)
FNDA:0,setUserLocationVariables
FNDA:0,arrivalInformation
FNDA:0,routeHoveredFromMap
FNDA:0,routeSelectedFromMap
FNDA:0,(anonymous_43)
FNDA:0,closeDetailsPanel
DA:6,1
DA:8,0
DA:10,1
DA:11,0
DA:12,0
DA:14,0
DA:15,0
DA:19,0
DA:23,0
DA:24,0
DA:26,0
DA:37,0
DA:38,0
DA:39,0
DA:44,0
DA:49,0
DA:50,0
DA:51,1
DA:52,0
DA:54,0
DA:55,0
DA:56,0
DA:58,0
DA:59,0
DA:60,0
DA:64,0
DA:68,0
DA:70,0
DA:71,0
DA:72,0
DA:74,1
DA:75,0
DA:77,0
DA:78,0
DA:79,0
DA:83,1
DA:84,0
DA:86,0
DA:87,0
DA:90,0
DA:91,0
DA:95,1
DA:96,0
DA:98,0
DA:99,0
DA:102,0
DA:103,0
DA:107,1
DA:108,0
DA:110,0
DA:111,0
DA:114,0
DA:115,0
DA:119,1
DA:120,0
DA:121,0
DA:124,1
DA:125,0
DA:126,0
DA:129,1
DA:130,0
DA:131,0
DA:132,0
DA:134,0
DA:135,0
DA:136,0
DA:137,0
DA:139,0
DA:143,1
DA:144,0
DA:145,0
DA:147,0
DA:151,0
DA:152,0
DA:153,0
DA:154,0
DA:155,0
DA:157,0
DA:158,0
DA:161,0
DA:162,0
DA:165,0
DA:166,0
DA:170,0
DA:171,0
DA:173,0
DA:174,0
DA:176,0
DA:177,0
DA:178,0
DA:179,0
DA:182,1
DA:183,1
DA:184,0
DA:188,1
DA:189,0
DA:190,0
DA:191,0
DA:193,0
DA:197,1
DA:198,0
DA:199,0
DA:200,0
DA:201,0
DA:202,0
DA:203,0
DA:210,0
DA:211,0
DA:212,0
DA:214,0
DA:218,0
DA:220,0
DA:221,0
DA:225,0
DA:226,0
DA:230,0
DA:231,0
DA:234,0
DA:235,0
DA:238,0
DA:239,0
DA:240,0
DA:247,0
DA:249,1
DA:250,0
DA:251,0
DA:252,0
DA:253,0
DA:256,1
DA:257,0
DA:258,0
DA:261,1
DA:262,0
DA:263,0
DA:265,0
DA:266,0
DA:270,0
DA:271,0
DA:272,0
DA:274,0
DA:275,0
DA:276,0
LF:142
LH:18
BRDA:38,1,0,0
BRDA:38,1,1,0
BRDA:38,2,0,0
BRDA:38,2,1,0
BRDA:134,3,0,0
BRDA:134,3,1,0
BRDA:136,4,0,0
BRDA:136,4,1,0
BRDA:190,5,0,0
BRDA:190,5,1,0
BRDA:198,6,0,0
BRDA:198,6,1,0
BRF:12
BRH:0
end_of_record
TN:
SF:./app/js/directives.js
FN:10,(anonymous_1)
FN:11,(anonymous_2)
FN:13,(anonymous_3)
FN:28,(anonymous_4)
FN:31,(anonymous_5)
FN:39,(anonymous_6)
FN:40,(anonymous_7)
FN:42,(anonymous_8)
FN:56,(anonymous_9)
FN:59,(anonymous_10)
FNF:10
FNH:0
FNDA:0,(anonymous_1)
FNDA:0,(anonymous_2)
FNDA:0,(anonymous_3)
FNDA:0,(anonymous_4)
FNDA:0,(anonymous_5)
FNDA:0,(anonymous_6)
FNDA:0,(anonymous_7)
FNDA:0,(anonymous_8)
FNDA:0,(anonymous_9)
FNDA:0,(anonymous_10)
DA:7,1
DA:11,0
DA:12,0
DA:13,0
DA:14,0
DA:19,0
DA:20,0
DA:21,0
DA:27,0
DA:28,0
DA:29,0
DA:31,0
DA:32,0
DA:40,0
DA:41,0
DA:42,0
DA:43,0
DA:47,0
DA:48,0
DA:49,0
DA:55,0
DA:56,0
DA:57,0
DA:59,0
DA:60,0
LF:25
LH:1
BRF:0
BRH:0
end_of_record
TN:
SF:./app/js/enum.js
FNF:0
FNH:0
DA:6,1
LF:1
LH:1
BRF:0
BRH:0
end_of_record
TN:
SF:./app/js/resources.js
FN:7,(anonymous_1)
FN:14,getArrivalsForStreetCar
FN:25,(anonymous_3)
FN:28,(anonymous_4)
FN:34,getTrimetRoutes
FN:45,(anonymous_6)
FN:48,(anonymous_7)
FN:54,getAllBusRoutes
FN:68,(anonymous_9)
FN:71,(anonymous_10)
FN:77,getStreetcarRoutes
FN:88,(anonymous_12)
FN:91,(anonymous_13)
FN:97,getStopsAroundLocation
FN:109,(anonymous_15)
FN:112,(anonymous_16)
FN:118,getStops
FN:129,(anonymous_18)
FN:132,(anonymous_19)
FN:138,getRouteById
FN:149,(anonymous_21)
FN:152,(anonymous_22)
FNF:22
FNH:0
FNDA:0,(anonymous_1)
FNDA:0,getArrivalsForStreetCar
FNDA:0,(anonymous_3)
FNDA:0,(anonymous_4)
FNDA:0,getTrimetRoutes
FNDA:0,(anonymous_6)
FNDA:0,(anonymous_7)
FNDA:0,getAllBusRoutes
FNDA:0,(anonymous_9)
FNDA:0,(anonymous_10)
FNDA:0,getStreetcarRoutes
FNDA:0,(anonymous_12)
FNDA:0,(anonymous_13)
FNDA:0,getStopsAroundLocation
FNDA:0,(anonymous_15)
FNDA:0,(anonymous_16)
FNDA:0,getStops
FNDA:0,(anonymous_18)
FNDA:0,(anonymous_19)
FNDA:0,getRouteById
FNDA:0,(anonymous_21)
FNDA:0,(anonymous_22)
DA:5,1
DA:10,0
DA:11,0
DA:12,0
DA:14,1
DA:15,0
DA:16,0
DA:17,0
DA:26,0
DA:29,0
DA:31,0
DA:34,1
DA:35,0
DA:36,0
DA:37,0
DA:46,0
DA:49,0
DA:51,0
DA:54,1
DA:55,0
DA:56,0
DA:59,0
DA:60,0
DA:69,0
DA:72,0
DA:74,0
DA:77,1
DA:78,0
DA:79,0
DA:80,0
DA:89,0
DA:92,0
DA:94,0
DA:97,1
DA:98,0
DA:99,0
DA:100,0
DA:101,0
DA:110,0
DA:113,0
DA:115,0
DA:118,1
DA:119,0
DA:120,0
DA:121,0
DA:130,0
DA:133,0
DA:135,0
DA:138,1
DA:139,0
DA:140,0
DA:141,0
DA:150,0
DA:153,0
DA:155,0
DA:159,0
LF:56
LH:8
BRF:0
BRH:0
end_of_record
TN:
SF:./app/js/services.js
FN:7,(anonymous_1)
FN:9,(anonymous_2)
FN:14,(anonymous_3)
FN:19,getNewDate
FN:50,getTimeDifference
FN:69,calculateDifferenceInTimes
FN:80,(anonymous_7)
FN:82,(anonymous_8)
FN:88,sortArrivalsArrayByDate
FN:89,(anonymous_10)
FN:103,calculateRelativeTimes
FN:107,(anonymous_12)
FN:109,(anonymous_13)
FN:127,(anonymous_14)
FN:135,isStreetCarOutOfService
FN:143,findScheduleForTodaysDate
FN:144,(anonymous_17)
FN:145,(anonymous_18)
FN:154,currentTimeAfterStartTime
FN:160,currentTimeBeforeEndTime
FN:166,determineIfCurrentTimeIsInRange
FN:190,(anonymous_22)
FN:193,(anonymous_23)
FN:196,(anonymous_24)
FN:202,(anonymous_25)
FN:204,(anonymous_26)
FN:206,(anonymous_27)
FN:216,(anonymous_28)
FN:235,(anonymous_29)
FN:237,isStreetCarRoute
FN:241,isTrimetRoute
FNF:31
FNH:3
FNDA:0,(anonymous_1)
FNDA:0,(anonymous_2)
FNDA:0,(anonymous_3)
FNDA:0,getNewDate
FNDA:0,getTimeDifference
FNDA:0,calculateDifferenceInTimes
FNDA:0,(anonymous_7)
FNDA:0,(anonymous_8)
FNDA:0,sortArrivalsArrayByDate
FNDA:0,(anonymous_10)
FNDA:0,calculateRelativeTimes
FNDA:0,(anonymous_12)
FNDA:0,(anonymous_13)
FNDA:0,(anonymous_14)
FNDA:0,isStreetCarOutOfService
FNDA:0,findScheduleForTodaysDate
FNDA:0,(anonymous_17)
FNDA:0,(anonymous_18)
FNDA:0,currentTimeAfterStartTime
FNDA:0,currentTimeBeforeEndTime
FNDA:0,determineIfCurrentTimeIsInRange
FNDA:0,(anonymous_22)
FNDA:0,(anonymous_23)
FNDA:0,(anonymous_24)
FNDA:0,(anonymous_25)
FNDA:0,(anonymous_26)
FNDA:0,(anonymous_27)
FNDA:0,(anonymous_28)
FNDA:8,(anonymous_29)
FNDA:3,isStreetCarRoute
FNDA:5,isTrimetRoute
DA:5,1
DA:9,0
DA:10,0
DA:16,0
DA:19,1
DA:20,0
DA:21,0
DA:22,0
DA:23,0
DA:24,0
DA:27,0
DA:50,1
DA:51,0
DA:54,0
DA:55,0
DA:56,0
DA:57,0
DA:58,0
DA:59,0
DA:60,0
DA:61,0
DA:62,0
DA:64,0
DA:66,0
DA:69,1
DA:70,0
DA:73,0
DA:74,0
DA:76,0
DA:78,0
DA:79,0
DA:81,0
DA:83,0
DA:85,0
DA:88,1
DA:89,0
DA:90,0
DA:92,0
DA:93,0
DA:95,0
DA:96,0
DA:98,0
DA:100,0
DA:103,1
DA:104,0
DA:106,0
DA:107,0
DA:108,0
DA:110,0
DA:111,0
DA:112,0
DA:113,0
DA:114,0
DA:115,0
DA:116,0
DA:117,0
DA:118,0
DA:121,0
DA:123,0
DA:124,0
DA:125,0
DA:128,0
DA:129,0
DA:132,0
DA:135,1
DA:136,0
DA:140,0
DA:141,0
DA:143,1
DA:144,0
DA:145,0
DA:146,0
DA:147,0
DA:148,0
DA:154,1
DA:155,0
DA:156,0
DA:160,1
DA:161,0
DA:162,0
DA:166,1
DA:167,0
DA:169,0
DA:170,0
DA:171,0
DA:172,0
DA:173,0
DA:176,0
DA:177,0
DA:182,0
DA:183,0
DA:184,0
DA:189,0
DA:191,0
DA:194,0
DA:197,0
DA:204,0
DA:205,0
DA:206,0
DA:207,0
DA:208,0
DA:216,0
DA:217,0
DA:218,0
DA:219,0
DA:229,0
DA:231,0
DA:237,1
DA:238,3
DA:241,1
DA:242,5
DA:245,8
LF:112
LH:16
BRDA:61,1,0,0
BRDA:61,1,1,0
BRDA:73,2,0,0
BRDA:73,2,1,0
BRDA:92,3,0,0
BRDA:92,3,1,0
BRDA:95,4,0,0
BRDA:95,4,1,0
BRDA:110,5,0,0
BRDA:110,5,1,0
BRDA:110,6,0,0
BRDA:110,6,1,0
BRDA:111,7,0,0
BRDA:111,7,1,0
BRDA:113,8,0,0
BRDA:113,8,1,0
BRDA:115,9,0,0
BRDA:115,9,1,0
BRDA:117,10,0,0
BRDA:117,10,1,0
BRDA:124,11,0,0
BRDA:124,11,1,0
BRDA:146,12,0,0
BRDA:146,12,1,0
BRDA:155,13,0,0
BRDA:155,13,1,0
BRDA:161,14,0,0
BRDA:161,14,1,0
BRDA:171,15,0,0
BRDA:171,15,1,0
BRDA:172,16,0,0
BRDA:172,16,1,0
BRDA:176,17,0,0
BRDA:176,17,1,0
BRDA:218,18,0,0
BRDA:218,18,1,0
BRDA:222,19,0,0
BRDA:222,19,1,0
BRDA:223,20,0,0
BRDA:223,20,1,0
BRF:40
BRH:0
end_of_record
